2025-10-23 00:33:15 [main] INFO  c.a.financiera.FinancieraApplication - Starting FinancieraApplication using Java 21.0.8 with PID 2960 (C:\Users\Orlando\Documents\Backend\financiera\financiera\target\classes started by Orlando in C:\Users\Orlando\Documents\Backend\financiera)
2025-10-23 00:33:15 [main] DEBUG c.a.financiera.FinancieraApplication - Running with Spring Boot v3.5.6, Spring v6.2.11
2025-10-23 00:33:15 [main] INFO  c.a.financiera.FinancieraApplication - No active profile set, falling back to 1 default profile: "default"
2025-10-23 00:33:22 [main] INFO  c.a.financiera.FinancieraApplication - Started FinancieraApplication in 7.501 seconds (process running for 7.938)
2025-10-23 00:33:33 [http-nio-8090-exec-5] INFO  c.a.f.controller.UsuarioController - Intento de login con DNI: 12345678
2025-10-23 00:33:33 [http-nio-8090-exec-5] WARN  c.a.f.controller.UsuarioController - Login fallido: clave incorrecta para usuario con DNI: 12345678
2025-10-23 00:35:19 [http-nio-8090-exec-1] INFO  c.a.f.controller.UsuarioController - Intento de login con DNI: 12345678
2025-10-23 00:35:19 [http-nio-8090-exec-1] INFO  c.a.f.controller.UsuarioController - Login exitoso para usuario: Carlos Mendoza
2025-10-23 00:35:21 [http-nio-8090-exec-7] INFO  c.a.f.c.AdminUsuarioController - Listando usuarios - Búsqueda: null, Estado: null
2025-10-23 00:35:21 [http-nio-8090-exec-10] INFO  c.a.f.controller.AdminAfpController - Listando AFPs - Búsqueda: null, Estado: null
2025-10-23 00:35:22 [http-nio-8090-exec-1] INFO  c.a.f.c.AdminUsuarioController - Listando usuarios - Búsqueda: null, Estado: null
2025-10-23 00:35:24 [http-nio-8090-exec-5] INFO  c.a.f.controller.AdminAfpController - Listando AFPs - Búsqueda: null, Estado: null
2025-10-23 00:35:26 [http-nio-8090-exec-4] INFO  c.a.f.c.FinancieroController - Solicitud de resumen financiero para usuario ID: 1
2025-10-23 00:35:26 [http-nio-8090-exec-9] INFO  c.a.f.c.FinancieroController - Solicitud de comparativo financiero para usuario ID: 1
2025-10-23 00:35:26 [http-nio-8090-exec-6] INFO  c.a.f.c.FinancieroController - Solicitud de aportes para usuario ID: 1
2025-10-23 00:35:26 [http-nio-8090-exec-2] INFO  c.a.f.c.FinancieroController - Solicitud de saldos para usuario ID: 1
2025-10-23 00:35:26 [http-nio-8090-exec-1] INFO  c.a.f.c.FinancieroController - Solicitud de estadísticas para usuario ID: 1
2025-10-23 00:35:26 [http-nio-8090-exec-6] INFO  c.a.f.c.FinancieroController - Se obtuvieron 0 aportes para usuario ID 1
2025-10-23 00:35:26 [http-nio-8090-exec-2] INFO  c.a.f.c.FinancieroController - Se obtuvieron 0 saldos para usuario ID 1
2025-10-23 00:35:26 [http-nio-8090-exec-9] INFO  c.a.f.c.FinancieroController - Comparativo generado correctamente para usuario ID 1
2025-10-23 00:35:26 [http-nio-8090-exec-1] INFO  c.a.f.c.FinancieroController - Estadísticas generadas correctamente para usuario ID 1
2025-10-23 00:35:26 [http-nio-8090-exec-4] INFO  c.a.f.c.FinancieroController - Resumen financiero generado correctamente para usuario ID: 1
2025-10-23 00:35:27 [http-nio-8090-exec-8] INFO  c.a.f.controller.PensionesController - Solicitando saldos para usuario: 1
2025-10-23 00:35:27 [http-nio-8090-exec-10] INFO  c.a.f.controller.PensionesController - Solicitando estado de pensiones para usuario: 1
2025-10-23 00:35:27 [http-nio-8090-exec-3] INFO  c.a.f.controller.PensionesController - Solicitando aportes para usuario: 1
2025-10-23 00:35:27 [http-nio-8090-exec-7] INFO  c.a.f.controller.PensionesController - Solicitando resumen de pensiones para usuario: 1
2025-10-23 00:35:27 [http-nio-8090-exec-7] INFO  c.a.f.service.PensionesServiceImpl - Generando resumen de pensiones para usuario: 1
2025-10-23 00:35:29 [http-nio-8090-exec-3] INFO  c.a.f.c.FinancieroController - Solicitud de aportes para usuario ID: 1
2025-10-23 00:35:29 [http-nio-8090-exec-4] INFO  c.a.f.c.FinancieroController - Solicitud de resumen financiero para usuario ID: 1
2025-10-23 00:35:29 [http-nio-8090-exec-7] INFO  c.a.f.c.FinancieroController - Solicitud de comparativo financiero para usuario ID: 1
2025-10-23 00:35:29 [http-nio-8090-exec-10] INFO  c.a.f.c.FinancieroController - Solicitud de estadísticas para usuario ID: 1
2025-10-23 00:35:29 [http-nio-8090-exec-8] INFO  c.a.f.c.FinancieroController - Solicitud de saldos para usuario ID: 1
2025-10-23 00:35:29 [http-nio-8090-exec-3] INFO  c.a.f.c.FinancieroController - Se obtuvieron 0 aportes para usuario ID 1
2025-10-23 00:35:29 [http-nio-8090-exec-8] INFO  c.a.f.c.FinancieroController - Se obtuvieron 0 saldos para usuario ID 1
2025-10-23 00:35:29 [http-nio-8090-exec-7] INFO  c.a.f.c.FinancieroController - Comparativo generado correctamente para usuario ID 1
2025-10-23 00:35:29 [http-nio-8090-exec-4] INFO  c.a.f.c.FinancieroController - Resumen financiero generado correctamente para usuario ID: 1
2025-10-23 00:35:30 [http-nio-8090-exec-10] INFO  c.a.f.c.FinancieroController - Estadísticas generadas correctamente para usuario ID 1
2025-10-23 00:35:30 [http-nio-8090-exec-1] INFO  c.a.f.controller.PensionesController - Solicitando saldos para usuario: 1
2025-10-23 00:35:30 [http-nio-8090-exec-6] INFO  c.a.f.controller.PensionesController - Solicitando aportes para usuario: 1
2025-10-23 00:35:30 [http-nio-8090-exec-2] INFO  c.a.f.controller.PensionesController - Solicitando estado de pensiones para usuario: 1
2025-10-23 00:35:30 [http-nio-8090-exec-5] INFO  c.a.f.controller.PensionesController - Solicitando resumen de pensiones para usuario: 1
2025-10-23 00:35:30 [http-nio-8090-exec-5] INFO  c.a.f.service.PensionesServiceImpl - Generando resumen de pensiones para usuario: 1
2025-10-23 00:35:33 [http-nio-8090-exec-9] INFO  c.a.f.c.FinancieroController - Solicitud de resumen financiero para usuario ID: 1
2025-10-23 00:35:33 [http-nio-8090-exec-7] INFO  c.a.f.c.FinancieroController - Solicitud de estadísticas para usuario ID: 1
2025-10-23 00:35:33 [http-nio-8090-exec-4] INFO  c.a.f.c.FinancieroController - Solicitud de comparativo financiero para usuario ID: 1
2025-10-23 00:35:33 [http-nio-8090-exec-8] INFO  c.a.f.c.FinancieroController - Solicitud de saldos para usuario ID: 1
2025-10-23 00:35:33 [http-nio-8090-exec-3] INFO  c.a.f.c.FinancieroController - Solicitud de aportes para usuario ID: 1
2025-10-23 00:35:33 [http-nio-8090-exec-8] INFO  c.a.f.c.FinancieroController - Se obtuvieron 0 saldos para usuario ID 1
2025-10-23 00:35:33 [http-nio-8090-exec-4] INFO  c.a.f.c.FinancieroController - Comparativo generado correctamente para usuario ID 1
2025-10-23 00:35:33 [http-nio-8090-exec-7] INFO  c.a.f.c.FinancieroController - Estadísticas generadas correctamente para usuario ID 1
2025-10-23 00:35:33 [http-nio-8090-exec-3] INFO  c.a.f.c.FinancieroController - Se obtuvieron 0 aportes para usuario ID 1
2025-10-23 00:35:33 [http-nio-8090-exec-9] INFO  c.a.f.c.FinancieroController - Resumen financiero generado correctamente para usuario ID: 1
2025-10-23 00:35:34 [http-nio-8090-exec-3] INFO  c.a.f.controller.PensionesController - Solicitando estado de pensiones para usuario: 1
2025-10-23 00:35:34 [http-nio-8090-exec-7] INFO  c.a.f.controller.PensionesController - Solicitando saldos para usuario: 1
2025-10-23 00:35:34 [http-nio-8090-exec-8] INFO  c.a.f.controller.PensionesController - Solicitando resumen de pensiones para usuario: 1
2025-10-23 00:35:34 [http-nio-8090-exec-4] INFO  c.a.f.controller.PensionesController - Solicitando aportes para usuario: 1
2025-10-23 00:35:34 [http-nio-8090-exec-8] INFO  c.a.f.service.PensionesServiceImpl - Generando resumen de pensiones para usuario: 1
2025-10-23 00:35:37 [http-nio-8090-exec-1] INFO  c.a.f.controller.PensionesController - Solicitando estado de pensiones para usuario: 1
2025-10-23 00:35:37 [http-nio-8090-exec-10] INFO  c.a.f.controller.PensionesController - Solicitando saldos para usuario: 1
2025-10-23 00:35:37 [http-nio-8090-exec-6] INFO  c.a.f.controller.PensionesController - Solicitando aportes para usuario: 1
2025-10-23 00:35:37 [http-nio-8090-exec-9] INFO  c.a.f.controller.PensionesController - Solicitando resumen de pensiones para usuario: 1
2025-10-23 00:35:37 [http-nio-8090-exec-9] INFO  c.a.f.service.PensionesServiceImpl - Generando resumen de pensiones para usuario: 1
2025-10-23 00:35:37 [http-nio-8090-exec-2] INFO  c.a.f.c.FinancieroController - Solicitud de resumen financiero para usuario ID: 1
2025-10-23 00:35:37 [http-nio-8090-exec-4] INFO  c.a.f.c.FinancieroController - Solicitud de estadísticas para usuario ID: 1
2025-10-23 00:35:37 [http-nio-8090-exec-7] INFO  c.a.f.c.FinancieroController - Solicitud de saldos para usuario ID: 1
2025-10-23 00:35:37 [http-nio-8090-exec-5] INFO  c.a.f.c.FinancieroController - Solicitud de aportes para usuario ID: 1
2025-10-23 00:35:37 [http-nio-8090-exec-3] INFO  c.a.f.c.FinancieroController - Solicitud de comparativo financiero para usuario ID: 1
2025-10-23 00:35:38 [http-nio-8090-exec-2] INFO  c.a.f.c.FinancieroController - Resumen financiero generado correctamente para usuario ID: 1
2025-10-23 00:35:38 [http-nio-8090-exec-4] INFO  c.a.f.c.FinancieroController - Estadísticas generadas correctamente para usuario ID 1
2025-10-23 00:35:38 [http-nio-8090-exec-7] INFO  c.a.f.c.FinancieroController - Se obtuvieron 0 saldos para usuario ID 1
2025-10-23 00:35:38 [http-nio-8090-exec-5] INFO  c.a.f.c.FinancieroController - Se obtuvieron 0 aportes para usuario ID 1
2025-10-23 00:35:38 [http-nio-8090-exec-3] INFO  c.a.f.c.FinancieroController - Comparativo generado correctamente para usuario ID 1
2025-10-23 00:36:28 [http-nio-8090-exec-9] INFO  c.a.f.controller.PensionesController - Solicitando saldos para usuario: 1
2025-10-23 00:36:28 [http-nio-8090-exec-7] INFO  c.a.f.controller.PensionesController - Solicitando resumen de pensiones para usuario: 1
2025-10-23 00:36:28 [http-nio-8090-exec-7] INFO  c.a.f.service.PensionesServiceImpl - Generando resumen de pensiones para usuario: 1
2025-10-23 00:36:28 [http-nio-8090-exec-5] INFO  c.a.f.controller.PensionesController - Solicitando aportes para usuario: 1
2025-10-23 00:36:28 [http-nio-8090-exec-3] INFO  c.a.f.controller.PensionesController - Solicitando estado de pensiones para usuario: 1
2025-10-23 00:44:02 [http-nio-8090-exec-10] INFO  c.a.f.c.FinancieroController - Solicitud de saldos para usuario ID: 1
2025-10-23 00:44:02 [http-nio-8090-exec-9] INFO  c.a.f.c.FinancieroController - Solicitud de resumen financiero para usuario ID: 1
2025-10-23 00:44:02 [http-nio-8090-exec-5] INFO  c.a.f.c.FinancieroController - Solicitud de aportes para usuario ID: 1
2025-10-23 00:44:02 [http-nio-8090-exec-8] INFO  c.a.f.c.FinancieroController - Solicitud de estadísticas para usuario ID: 1
2025-10-23 00:44:02 [http-nio-8090-exec-3] INFO  c.a.f.c.FinancieroController - Solicitud de comparativo financiero para usuario ID: 1
2025-10-23 00:44:02 [http-nio-8090-exec-5] INFO  c.a.f.c.FinancieroController - Se obtuvieron 0 aportes para usuario ID 1
2025-10-23 00:44:02 [http-nio-8090-exec-3] INFO  c.a.f.c.FinancieroController - Comparativo generado correctamente para usuario ID 1
2025-10-23 00:44:02 [http-nio-8090-exec-10] INFO  c.a.f.c.FinancieroController - Se obtuvieron 0 saldos para usuario ID 1
2025-10-23 00:44:02 [http-nio-8090-exec-2] INFO  c.a.f.controller.PensionesController - Solicitando estado de pensiones para usuario: 1
2025-10-23 00:44:02 [http-nio-8090-exec-7] INFO  c.a.f.controller.PensionesController - Solicitando resumen de pensiones para usuario: 1
2025-10-23 00:44:02 [http-nio-8090-exec-7] INFO  c.a.f.service.PensionesServiceImpl - Generando resumen de pensiones para usuario: 1
2025-10-23 00:44:02 [http-nio-8090-exec-6] INFO  c.a.f.controller.PensionesController - Solicitando saldos para usuario: 1
2025-10-23 00:44:02 [http-nio-8090-exec-1] INFO  c.a.f.controller.PensionesController - Solicitando aportes para usuario: 1
2025-10-23 00:44:02 [http-nio-8090-exec-8] INFO  c.a.f.c.FinancieroController - Estadísticas generadas correctamente para usuario ID 1
2025-10-23 00:44:02 [http-nio-8090-exec-9] INFO  c.a.f.c.FinancieroController - Resumen financiero generado correctamente para usuario ID: 1
2025-10-23 00:50:46 [http-nio-8090-exec-2] INFO  c.a.f.controller.PensionesController - Creando nuevo aporte para usuario: 1
2025-10-23 00:50:46 [http-nio-8090-exec-1] INFO  c.a.f.controller.PensionesController - Creando nuevo aporte para usuario: 1
2025-10-23 00:50:46 [http-nio-8090-exec-2] INFO  c.a.f.service.PensionesServiceImpl - Creando nuevo aporte para usuario: 1
2025-10-23 00:50:46 [http-nio-8090-exec-1] INFO  c.a.f.service.PensionesServiceImpl - Creando nuevo aporte para usuario: 1
2025-10-23 00:50:47 [http-nio-8090-exec-1] ERROR c.a.f.controller.PensionesController - Error al crear aporte: could not execute statement [ERROR: insert or update on table "aporte_pension" violates foreign key constraint "aporte_pension_id_tipo_fondo_fkey"
  Detail: Key (id_tipo_fondo)=(2) is not present in table "tipo_fondo".] [insert into aporte_pension (aporte_empleador,aporte_trabajador,comision_cobrada,cuspp,dias_trabajados,empleador,estado,fecha_aporte,id_institucion,monto_aporte,observaciones,periodo,ruc_empleador,salario_declarado,seguro_invalidez,id_tipo_fondo,id_usuario) values (?,?,?,?,?,?,?,?,?,?,?,?,?,?,?,?,?)]; SQL [insert into aporte_pension (aporte_empleador,aporte_trabajador,comision_cobrada,cuspp,dias_trabajados,empleador,estado,fecha_aporte,id_institucion,monto_aporte,observaciones,periodo,ruc_empleador,salario_declarado,seguro_invalidez,id_tipo_fondo,id_usuario) values (?,?,?,?,?,?,?,?,?,?,?,?,?,?,?,?,?)]; constraint [aporte_pension_id_tipo_fondo_fkey]
2025-10-23 00:50:47 [http-nio-8090-exec-2] ERROR c.a.f.controller.PensionesController - Error al crear aporte: could not execute statement [ERROR: insert or update on table "aporte_pension" violates foreign key constraint "aporte_pension_id_tipo_fondo_fkey"
  Detail: Key (id_tipo_fondo)=(2) is not present in table "tipo_fondo".] [insert into aporte_pension (aporte_empleador,aporte_trabajador,comision_cobrada,cuspp,dias_trabajados,empleador,estado,fecha_aporte,id_institucion,monto_aporte,observaciones,periodo,ruc_empleador,salario_declarado,seguro_invalidez,id_tipo_fondo,id_usuario) values (?,?,?,?,?,?,?,?,?,?,?,?,?,?,?,?,?)]; SQL [insert into aporte_pension (aporte_empleador,aporte_trabajador,comision_cobrada,cuspp,dias_trabajados,empleador,estado,fecha_aporte,id_institucion,monto_aporte,observaciones,periodo,ruc_empleador,salario_declarado,seguro_invalidez,id_tipo_fondo,id_usuario) values (?,?,?,?,?,?,?,?,?,?,?,?,?,?,?,?,?)]; constraint [aporte_pension_id_tipo_fondo_fkey]
2025-10-23 00:55:02 [http-nio-8090-exec-7] INFO  c.a.f.controller.PensionesController - Creando nuevo aporte para usuario: 1
2025-10-23 00:55:02 [http-nio-8090-exec-7] INFO  c.a.f.service.PensionesServiceImpl - Creando nuevo aporte para usuario: 1
2025-10-23 00:55:03 [http-nio-8090-exec-10] INFO  c.a.f.controller.PensionesController - Solicitando resumen de pensiones para usuario: 1
2025-10-23 00:55:03 [http-nio-8090-exec-8] INFO  c.a.f.controller.PensionesController - Solicitando aportes para usuario: 1
2025-10-23 00:55:03 [http-nio-8090-exec-10] INFO  c.a.f.service.PensionesServiceImpl - Generando resumen de pensiones para usuario: 1
2025-10-23 00:55:03 [http-nio-8090-exec-9] INFO  c.a.f.controller.PensionesController - Solicitando saldos para usuario: 1
2025-10-23 00:55:03 [http-nio-8090-exec-3] INFO  c.a.f.controller.PensionesController - Solicitando estado de pensiones para usuario: 1
2025-10-23 00:55:10 [http-nio-8090-exec-1] INFO  c.a.f.c.AdminUsuarioController - Listando usuarios - Búsqueda: null, Estado: null
2025-10-23 00:55:13 [http-nio-8090-exec-10] INFO  c.a.f.controller.AdminAfpController - Listando AFPs - Búsqueda: null, Estado: null
2025-10-23 00:55:35 [http-nio-8090-exec-8] INFO  c.a.f.controller.AdminAfpController - Cambiando estado de AFP ID 1 a Inactivo
2025-10-23 00:55:35 [http-nio-8090-exec-8] ERROR c.a.f.controller.AdminAfpController - Error al cambiar estado: could not execute statement [ERROR: column "fondos_disponibles" is of type jsonb but expression is of type character varying
  Hint: You will need to rewrite or cast the expression.
  Position: 113] [update afp set codigo_sbs=?,comision_flujo=?,comision_mixta=?,comision_saldo=?,estado=?,fondos_disponibles=?,id_institucion=?,nombre=?,rentabilidad_promedio=? where id_afp=?]; SQL [update afp set codigo_sbs=?,comision_flujo=?,comision_mixta=?,comision_saldo=?,estado=?,fondos_disponibles=?,id_institucion=?,nombre=?,rentabilidad_promedio=? where id_afp=?]
2025-10-23 00:55:48 [http-nio-8090-exec-1] INFO  c.a.f.controller.AdminAfpController - Actualizando AFP ID: 1
2025-10-23 00:55:49 [http-nio-8090-exec-3] INFO  c.a.f.controller.AdminAfpController - Actualizando AFP ID: 1
2025-10-23 00:55:49 [http-nio-8090-exec-1] ERROR c.a.f.controller.AdminAfpController - Error al actualizar AFP: could not execute statement [ERROR: column "fondos_disponibles" is of type jsonb but expression is of type character varying
  Hint: You will need to rewrite or cast the expression.
  Position: 113] [update afp set codigo_sbs=?,comision_flujo=?,comision_mixta=?,comision_saldo=?,estado=?,fondos_disponibles=?,id_institucion=?,nombre=?,rentabilidad_promedio=? where id_afp=?]; SQL [update afp set codigo_sbs=?,comision_flujo=?,comision_mixta=?,comision_saldo=?,estado=?,fondos_disponibles=?,id_institucion=?,nombre=?,rentabilidad_promedio=? where id_afp=?]
2025-10-23 00:55:49 [http-nio-8090-exec-3] ERROR c.a.f.controller.AdminAfpController - Error al actualizar AFP: could not execute statement [ERROR: column "fondos_disponibles" is of type jsonb but expression is of type character varying
  Hint: You will need to rewrite or cast the expression.
  Position: 113] [update afp set codigo_sbs=?,comision_flujo=?,comision_mixta=?,comision_saldo=?,estado=?,fondos_disponibles=?,id_institucion=?,nombre=?,rentabilidad_promedio=? where id_afp=?]; SQL [update afp set codigo_sbs=?,comision_flujo=?,comision_mixta=?,comision_saldo=?,estado=?,fondos_disponibles=?,id_institucion=?,nombre=?,rentabilidad_promedio=? where id_afp=?]
2025-10-23 00:55:56 [http-nio-8090-exec-10] INFO  c.a.f.c.AdminUsuarioController - Listando usuarios - Búsqueda: null, Estado: null
2025-10-23 00:55:58 [http-nio-8090-exec-5] INFO  c.a.f.controller.AdminAfpController - Listando AFPs - Búsqueda: null, Estado: null
2025-10-23 00:56:12 [http-nio-8090-exec-4] INFO  c.a.f.c.AdminUsuarioController - Listando usuarios - Búsqueda: null, Estado: null
2025-10-23 00:56:16 [http-nio-8090-exec-3] INFO  c.a.f.controller.AdminAfpController - Listando AFPs - Búsqueda: null, Estado: null
2025-10-23 00:57:50 [http-nio-8090-exec-1] INFO  c.a.f.controller.AdminAfpController - Cambiando estado de AFP ID 1 a Inactivo
2025-10-23 00:57:50 [http-nio-8090-exec-1] ERROR c.a.f.controller.AdminAfpController - Error al cambiar estado: could not execute statement [ERROR: column "fondos_disponibles" is of type jsonb but expression is of type character varying
  Hint: You will need to rewrite or cast the expression.
  Position: 113] [update afp set codigo_sbs=?,comision_flujo=?,comision_mixta=?,comision_saldo=?,estado=?,fondos_disponibles=?,id_institucion=?,nombre=?,rentabilidad_promedio=? where id_afp=?]; SQL [update afp set codigo_sbs=?,comision_flujo=?,comision_mixta=?,comision_saldo=?,estado=?,fondos_disponibles=?,id_institucion=?,nombre=?,rentabilidad_promedio=? where id_afp=?]
2025-10-23 01:04:39 [http-nio-8090-exec-5] INFO  c.a.f.controller.AdminAfpController - Listando AFPs - Búsqueda: null, Estado: null
2025-10-23 01:04:42 [http-nio-8090-exec-6] INFO  c.a.f.controller.AdminAfpController - Listando AFPs - Búsqueda: null, Estado: null
2025-10-23 01:09:16 [http-nio-8090-exec-7] INFO  c.a.f.controller.AdminAfpController - Actualizando AFP ID: 1
2025-10-23 01:09:17 [http-nio-8090-exec-7] ERROR c.a.f.controller.AdminAfpController - Error al actualizar AFP: could not execute statement [ERROR: column "fondos_disponibles" is of type jsonb but expression is of type character varying
  Hint: You will need to rewrite or cast the expression.
  Position: 113] [update afp set codigo_sbs=?,comision_flujo=?,comision_mixta=?,comision_saldo=?,estado=?,fondos_disponibles=?,id_institucion=?,nombre=?,rentabilidad_promedio=? where id_afp=?]; SQL [update afp set codigo_sbs=?,comision_flujo=?,comision_mixta=?,comision_saldo=?,estado=?,fondos_disponibles=?,id_institucion=?,nombre=?,rentabilidad_promedio=? where id_afp=?]
