2025-10-16 03:22:16 [main] INFO  c.a.financiera.FinancieraApplication - Starting FinancieraApplication using Java 21.0.8 with PID 2420 (C:\Users\Orlando\Documents\Backend\financiera\financiera\target\classes started by Orlando in C:\Users\Orlando\Documents\Backend\financiera)
2025-10-16 03:22:16 [main] DEBUG c.a.financiera.FinancieraApplication - Running with Spring Boot v3.5.6, Spring v6.2.11
2025-10-16 03:22:16 [main] INFO  c.a.financiera.FinancieraApplication - No active profile set, falling back to 1 default profile: "default"
2025-10-16 03:22:21 [main] INFO  c.a.financiera.FinancieraApplication - Started FinancieraApplication in 5.712 seconds (process running for 6.125)
2025-10-16 03:24:38 [http-nio-8090-exec-2] INFO  c.a.f.controller.UsuarioController - Intento de login con DNI: 12345678
2025-10-16 03:24:39 [http-nio-8090-exec-2] INFO  c.a.f.controller.UsuarioController - Login exitoso para usuario: Carlos Mendoza
2025-10-16 03:29:56 [main] INFO  c.a.financiera.FinancieraApplication - Starting FinancieraApplication using Java 21.0.8 with PID 17200 (C:\Users\Orlando\Documents\Backend\financiera\financiera\target\classes started by Orlando in C:\Users\Orlando\Documents\Backend\financiera)
2025-10-16 03:29:56 [main] DEBUG c.a.financiera.FinancieraApplication - Running with Spring Boot v3.5.6, Spring v6.2.11
2025-10-16 03:29:56 [main] INFO  c.a.financiera.FinancieraApplication - No active profile set, falling back to 1 default profile: "default"
2025-10-16 03:30:01 [main] INFO  c.a.financiera.FinancieraApplication - Started FinancieraApplication in 5.608 seconds (process running for 6.047)
2025-10-16 03:30:22 [http-nio-8090-exec-1] INFO  c.a.f.controller.UsuarioController - Intento de login con DNI: 12345678
2025-10-16 03:30:22 [http-nio-8090-exec-1] INFO  c.a.f.controller.UsuarioController - Login exitoso para usuario: Carlos Mendoza
2025-10-16 03:30:24 [http-nio-8090-exec-2] INFO  c.a.f.c.FinancieroController - Solicitud de resumen financiero para usuario ID: 1
2025-10-16 03:30:24 [http-nio-8090-exec-5] INFO  c.a.f.c.FinancieroController - Solicitud de saldos para usuario ID: 1
2025-10-16 03:30:24 [http-nio-8090-exec-4] INFO  c.a.f.c.FinancieroController - Solicitud de aportes para usuario ID: 1
2025-10-16 03:30:24 [http-nio-8090-exec-6] INFO  c.a.f.c.FinancieroController - Solicitud de estadísticas para usuario ID: 1
2025-10-16 03:30:24 [http-nio-8090-exec-7] INFO  c.a.f.c.FinancieroController - Solicitud de comparativo financiero para usuario ID: 1
2025-10-16 03:30:24 [http-nio-8090-exec-4] INFO  c.a.f.c.FinancieroController - Se obtuvieron 26 aportes para usuario ID 1
2025-10-16 03:30:24 [http-nio-8090-exec-5] INFO  c.a.f.c.FinancieroController - Se obtuvieron 2 saldos para usuario ID 1
2025-10-16 03:30:24 [http-nio-8090-exec-2] INFO  c.a.f.c.FinancieroController - Resumen financiero generado correctamente para usuario ID: 1
2025-10-16 03:30:24 [http-nio-8090-exec-7] INFO  c.a.f.c.FinancieroController - Comparativo generado correctamente para usuario ID 1
2025-10-16 03:30:24 [http-nio-8090-exec-6] INFO  c.a.f.c.FinancieroController - Estadísticas generadas correctamente para usuario ID 1
2025-10-16 03:46:40 [main] INFO  c.a.financiera.FinancieraApplication - Starting FinancieraApplication using Java 21.0.8 with PID 10364 (C:\Users\Orlando\Documents\Backend\financiera\financiera\target\classes started by Orlando in C:\Users\Orlando\Documents\Backend\financiera)
2025-10-16 03:46:40 [main] DEBUG c.a.financiera.FinancieraApplication - Running with Spring Boot v3.5.6, Spring v6.2.11
2025-10-16 03:46:40 [main] INFO  c.a.financiera.FinancieraApplication - No active profile set, falling back to 1 default profile: "default"
2025-10-16 03:46:46 [main] INFO  c.a.financiera.FinancieraApplication - Started FinancieraApplication in 6.113 seconds (process running for 6.584)
2025-10-16 08:58:43 [main] INFO  c.a.financiera.FinancieraApplication - Starting FinancieraApplication using Java 21.0.8 with PID 2268 (C:\Users\Orlando\Documents\Backend\financiera\financiera\target\classes started by Orlando in C:\Users\Orlando\Documents\Backend\financiera)
2025-10-16 08:58:43 [main] DEBUG c.a.financiera.FinancieraApplication - Running with Spring Boot v3.5.6, Spring v6.2.11
2025-10-16 08:58:43 [main] INFO  c.a.financiera.FinancieraApplication - No active profile set, falling back to 1 default profile: "default"
2025-10-16 08:58:48 [main] INFO  c.a.financiera.FinancieraApplication - Started FinancieraApplication in 4.998 seconds (process running for 5.451)
2025-10-16 08:59:15 [http-nio-8090-exec-2] INFO  c.a.f.controller.UsuarioController - Intento de login con DNI: 12345678
2025-10-16 08:59:15 [http-nio-8090-exec-2] INFO  c.a.f.controller.UsuarioController - Login exitoso para usuario: Carlos Mendoza
2025-10-16 08:59:19 [http-nio-8090-exec-6] INFO  c.a.f.c.FinancieroController - Solicitud de saldos para usuario ID: 1
2025-10-16 08:59:19 [http-nio-8090-exec-4] INFO  c.a.f.c.FinancieroController - Solicitud de resumen financiero para usuario ID: 1
2025-10-16 08:59:19 [http-nio-8090-exec-8] INFO  c.a.f.c.FinancieroController - Solicitud de comparativo financiero para usuario ID: 1
2025-10-16 08:59:19 [http-nio-8090-exec-7] INFO  c.a.f.c.FinancieroController - Solicitud de estadísticas para usuario ID: 1
2025-10-16 08:59:19 [http-nio-8090-exec-5] INFO  c.a.f.c.FinancieroController - Solicitud de aportes para usuario ID: 1
2025-10-16 08:59:19 [http-nio-8090-exec-5] INFO  c.a.f.c.FinancieroController - Se obtuvieron 26 aportes para usuario ID 1
2025-10-16 08:59:19 [http-nio-8090-exec-6] INFO  c.a.f.c.FinancieroController - Se obtuvieron 2 saldos para usuario ID 1
2025-10-16 08:59:20 [http-nio-8090-exec-8] INFO  c.a.f.c.FinancieroController - Comparativo generado correctamente para usuario ID 1
2025-10-16 08:59:20 [http-nio-8090-exec-4] INFO  c.a.f.c.FinancieroController - Resumen financiero generado correctamente para usuario ID: 1
2025-10-16 08:59:20 [http-nio-8090-exec-7] INFO  c.a.f.c.FinancieroController - Estadísticas generadas correctamente para usuario ID 1
2025-10-16 09:04:04 [http-nio-8090-exec-5] INFO  c.a.f.controller.UsuarioController - Intento de login con DNI: 12345678
2025-10-16 09:04:04 [http-nio-8090-exec-5] INFO  c.a.f.controller.UsuarioController - Login exitoso para usuario: Carlos Mendoza
2025-10-16 09:04:06 [http-nio-8090-exec-4] INFO  c.a.f.c.FinancieroController - Solicitud de aportes para usuario ID: 1
2025-10-16 09:04:06 [http-nio-8090-exec-2] INFO  c.a.f.c.FinancieroController - Solicitud de estadísticas para usuario ID: 1
2025-10-16 09:04:06 [http-nio-8090-exec-7] INFO  c.a.f.c.FinancieroController - Solicitud de saldos para usuario ID: 1
2025-10-16 09:04:06 [http-nio-8090-exec-8] INFO  c.a.f.c.FinancieroController - Solicitud de resumen financiero para usuario ID: 1
2025-10-16 09:04:06 [http-nio-8090-exec-4] INFO  c.a.f.c.FinancieroController - Se obtuvieron 26 aportes para usuario ID 1
2025-10-16 09:04:06 [http-nio-8090-exec-10] INFO  c.a.f.c.FinancieroController - Solicitud de comparativo financiero para usuario ID: 1
2025-10-16 09:04:06 [http-nio-8090-exec-2] INFO  c.a.f.c.FinancieroController - Estadísticas generadas correctamente para usuario ID 1
2025-10-16 09:04:06 [http-nio-8090-exec-7] INFO  c.a.f.c.FinancieroController - Se obtuvieron 2 saldos para usuario ID 1
2025-10-16 09:04:06 [http-nio-8090-exec-8] INFO  c.a.f.c.FinancieroController - Resumen financiero generado correctamente para usuario ID: 1
2025-10-16 09:04:06 [http-nio-8090-exec-10] INFO  c.a.f.c.FinancieroController - Comparativo generado correctamente para usuario ID 1
2025-10-16 09:37:54 [http-nio-8090-exec-4] INFO  c.a.f.controller.UsuarioController - Intento de login con DNI: 12345678
2025-10-16 09:37:54 [http-nio-8090-exec-4] INFO  c.a.f.controller.UsuarioController - Login exitoso para usuario: Carlos Mendoza
2025-10-16 09:38:29 [http-nio-8090-exec-6] INFO  c.a.f.c.FinancieroController - Solicitud de comparativo financiero para usuario ID: 1
2025-10-16 09:38:29 [http-nio-8090-exec-10] INFO  c.a.f.c.FinancieroController - Solicitud de aportes para usuario ID: 1
2025-10-16 09:38:29 [http-nio-8090-exec-8] INFO  c.a.f.c.FinancieroController - Solicitud de resumen financiero para usuario ID: 1
2025-10-16 09:38:29 [http-nio-8090-exec-9] INFO  c.a.f.c.FinancieroController - Solicitud de estadísticas para usuario ID: 1
2025-10-16 09:38:29 [http-nio-8090-exec-1] INFO  c.a.f.c.FinancieroController - Solicitud de saldos para usuario ID: 1
2025-10-16 09:38:29 [http-nio-8090-exec-8] INFO  c.a.f.c.FinancieroController - Resumen financiero generado correctamente para usuario ID: 1
2025-10-16 09:38:29 [http-nio-8090-exec-1] INFO  c.a.f.c.FinancieroController - Se obtuvieron 2 saldos para usuario ID 1
2025-10-16 09:38:29 [http-nio-8090-exec-9] INFO  c.a.f.c.FinancieroController - Estadísticas generadas correctamente para usuario ID 1
2025-10-16 09:38:29 [http-nio-8090-exec-10] INFO  c.a.f.c.FinancieroController - Se obtuvieron 26 aportes para usuario ID 1
2025-10-16 09:38:29 [http-nio-8090-exec-6] INFO  c.a.f.c.FinancieroController - Comparativo generado correctamente para usuario ID 1
